d:\project\__mysoulproject\leeiljinengine\engine\system\debug\mainwindow.obj
d:\project\__mysoulproject\leeiljinengine\engine\system\debug\system.pdb
d:\project\__mysoulproject\leeiljinengine\engine\system\debug\inputsystem.obj
d:\project\__mysoulproject\leeiljinengine\engine\system\debug\timesystem.obj
d:\project\__mysoulproject\leeiljinengine\engine\system\debug\systemmanager.obj
d:\project\__mysoulproject\leeiljinengine\engine\system\debug\myfunction.obj
d:\project\__mysoulproject\leeiljinengine\engine\system\debug\graphicsystem.obj
d:\project\__mysoulproject\leeiljinengine\engine\system\debug\application.obj
d:\project\__mysoulproject\leeiljinengine\engine\system\debug\window.obj
d:\project\__mysoulproject\leeiljinengine\engine\system\debug\systemfunctionimpl.obj
d:\project\__mysoulproject\leeiljinengine\engine\system\debug\windowbase.obj
d:\project\__mysoulproject\leeiljinengine\engine\system\debug\subwindow.obj
d:\project\__mysoulproject\leeiljinengine\engine\system\debug\windowfactory.obj
d:\project\__mysoulproject\leeiljinengine\engine\system\debug\windowsystem.obj
d:\project\__mysoulproject\leeiljinengine\engine\system\debug\system.obj
d:\project\__mysoulproject\leeiljinengine\engine\debug\system.lib
d:\project\__mysoulproject\leeiljinengine\engine\system\debug\system.idb
d:\project\__mysoulproject\leeiljinengine\engine\debug\system.pdb
d:\project\__mysoulproject\leeiljinengine\engine\system\debug\system.tlog\cl.command.1.tlog
d:\project\__mysoulproject\leeiljinengine\engine\system\debug\system.tlog\cl.read.1.tlog
d:\project\__mysoulproject\leeiljinengine\engine\system\debug\system.tlog\cl.write.1.tlog
d:\project\__mysoulproject\leeiljinengine\engine\system\debug\system.tlog\lib-link.read.1.tlog
d:\project\__mysoulproject\leeiljinengine\engine\system\debug\system.tlog\lib-link.write.1.tlog
d:\project\__mysoulproject\leeiljinengine\engine\system\debug\system.tlog\lib.command.1.tlog
